[debug] [2018-10-19T18:33:03.761Z] ----------------------------------------------------------------------
[debug] [2018-10-19T18:33:03.763Z] Command:       C:\Program Files\nodejs\node.exe C:\Users\dtdav\AppData\Roaming\npm\node_modules\firebase-tools\bin\firebase serve
[debug] [2018-10-19T18:33:03.763Z] CLI Version:   4.2.1
[debug] [2018-10-19T18:33:03.763Z] Platform:      win32
[debug] [2018-10-19T18:33:03.763Z] Node Version:  v8.11.2
[debug] [2018-10-19T18:33:03.763Z] Time:          Fri Oct 19 2018 20:33:03 GMT+0200 (South Africa Standard Time)
[debug] [2018-10-19T18:33:03.763Z] ----------------------------------------------------------------------
[debug] 
[debug] [2018-10-19T18:33:03.772Z] > command requires scopes: ["email","openid","https://www.googleapis.com/auth/cloudplatformprojects.readonly","https://www.googleapis.com/auth/firebase","https://www.googleapis.com/auth/cloud-platform"]
[debug] [2018-10-19T18:33:03.773Z] > authorizing via signed-in user
[debug] [2018-10-19T18:33:03.775Z] >>> HTTP REQUEST GET https://admin.firebase.com/v1/projects/yimi-vanilla  
 
[debug] [2018-10-19T18:33:05.438Z] <<< HTTP RESPONSE 200
[debug] [2018-10-19T18:33:05.442Z] >>> HTTP REQUEST GET https://cloudresourcemanager.googleapis.com/v1/projects/yimi-vanilla  
 
[debug] [2018-10-19T18:33:08.432Z] <<< HTTP RESPONSE 200
[info] 
[info] === Serving from 'C:\Users\dtdav\Dropbox\PROGRAMMING\PROJECTS\vYIMI'...
[info] 
[debug] [2018-10-19T18:33:08.437Z] >>> HTTP REQUEST GET https://mobilesdk-pa.googleapis.com/v1/projects/191754954339/clients/_:getWebAppConfig  
 
[debug] [2018-10-19T18:33:10.313Z] <<< HTTP RESPONSE 200
[info] i  hosting[yimi-vanilla]: Serving hosting files from: public
[info] +  hosting[yimi-vanilla]: Local server: http://localhost:5000
